
**** Build of configuration Debug for project Modbus_Slave ****

"C:\\ti\\ccsv7\\utils\\bin\\gmake" -k -j 8 all -O 
'Building file: ../contrib/modbus/ModbusDataMap.c'
'Invoking: C2000 Compiler'
"C:/ti/ccsv7/tools/compiler/ti-cgt-c2000_16.12.0.STS/bin/cl2000" -v28 -ml -mt --float_support=fpu32 --include_path="C:/Users/ragashe/workspace_v7/Modbus_Slave/contrib/DSP2833x/DSP2833x_common/include" --include_path="C:/Users/ragashe/workspace_v7/Modbus_Slave/contrib/DSP2833x/DSP2833x_headers/include" --include_path="C:/Users/ragashe/workspace_v7/Modbus_Slave/contrib/modbus/plataform/DSP2833x/include" --include_path="C:/Users/ragashe/workspace_v7/Modbus_Slave/contrib/modbus/include" --include_path="C:/ti/ccsv7/tools/compiler/ti-cgt-c2000_16.12.0.STS/include" --include_path="C:/Users/ragashe/workspace_v7/Modbus_Slave" --include_path="C:/ti/ccsv7/tools/compiler/ti-cgt-c2000_16.12.0.STS/include" -g --diag_warning=225 --diag_wrap=off --display_error_number --preproc_with_compile --preproc_dependency="contrib/modbus/ModbusDataMap.d" --obj_directory="contrib/modbus"  "../contrib/modbus/ModbusDataMap.c"
'Finished building: ../contrib/modbus/ModbusDataMap.c'
' '
'Building file: ../contrib/modbus/plataform/DSP2833x/Timer.c'
'Invoking: C2000 Compiler'
"C:/ti/ccsv7/tools/compiler/ti-cgt-c2000_16.12.0.STS/bin/cl2000" -v28 -ml -mt --float_support=fpu32 --include_path="C:/Users/ragashe/workspace_v7/Modbus_Slave/contrib/DSP2833x/DSP2833x_common/include" --include_path="C:/Users/ragashe/workspace_v7/Modbus_Slave/contrib/DSP2833x/DSP2833x_headers/include" --include_path="C:/Users/ragashe/workspace_v7/Modbus_Slave/contrib/modbus/plataform/DSP2833x/include" --include_path="C:/Users/ragashe/workspace_v7/Modbus_Slave/contrib/modbus/include" --include_path="C:/ti/ccsv7/tools/compiler/ti-cgt-c2000_16.12.0.STS/include" --include_path="C:/Users/ragashe/workspace_v7/Modbus_Slave" --include_path="C:/ti/ccsv7/tools/compiler/ti-cgt-c2000_16.12.0.STS/include" -g --diag_warning=225 --diag_wrap=off --display_error_number --preproc_with_compile --preproc_dependency="contrib/modbus/plataform/DSP2833x/Timer.d" --obj_directory="contrib/modbus/plataform/DSP2833x"  "../contrib/modbus/plataform/DSP2833x/Timer.c"
'Finished building: ../contrib/modbus/plataform/DSP2833x/Timer.c'
' '
'Building file: ../contrib/modbus/ModbusData.c'
'Invoking: C2000 Compiler'
"C:/ti/ccsv7/tools/compiler/ti-cgt-c2000_16.12.0.STS/bin/cl2000" -v28 -ml -mt --float_support=fpu32 --include_path="C:/Users/ragashe/workspace_v7/Modbus_Slave/contrib/DSP2833x/DSP2833x_common/include" --include_path="C:/Users/ragashe/workspace_v7/Modbus_Slave/contrib/DSP2833x/DSP2833x_headers/include" --include_path="C:/Users/ragashe/workspace_v7/Modbus_Slave/contrib/modbus/plataform/DSP2833x/include" --include_path="C:/Users/ragashe/workspace_v7/Modbus_Slave/contrib/modbus/include" --include_path="C:/ti/ccsv7/tools/compiler/ti-cgt-c2000_16.12.0.STS/include" --include_path="C:/Users/ragashe/workspace_v7/Modbus_Slave" --include_path="C:/ti/ccsv7/tools/compiler/ti-cgt-c2000_16.12.0.STS/include" -g --diag_warning=225 --diag_wrap=off --display_error_number --preproc_with_compile --preproc_dependency="contrib/modbus/ModbusData.d" --obj_directory="contrib/modbus"  "../contrib/modbus/ModbusData.c"
'Finished building: ../contrib/modbus/ModbusData.c'
' '
'Building file: ../src/main.c'
'Invoking: C2000 Compiler'
"C:/ti/ccsv7/tools/compiler/ti-cgt-c2000_16.12.0.STS/bin/cl2000" -v28 -ml -mt --float_support=fpu32 --include_path="C:/Users/ragashe/workspace_v7/Modbus_Slave/contrib/DSP2833x/DSP2833x_common/include" --include_path="C:/Users/ragashe/workspace_v7/Modbus_Slave/contrib/DSP2833x/DSP2833x_headers/include" --include_path="C:/Users/ragashe/workspace_v7/Modbus_Slave/contrib/modbus/plataform/DSP2833x/include" --include_path="C:/Users/ragashe/workspace_v7/Modbus_Slave/contrib/modbus/include" --include_path="C:/ti/ccsv7/tools/compiler/ti-cgt-c2000_16.12.0.STS/include" --include_path="C:/Users/ragashe/workspace_v7/Modbus_Slave" --include_path="C:/ti/ccsv7/tools/compiler/ti-cgt-c2000_16.12.0.STS/include" -g --diag_warning=225 --diag_wrap=off --display_error_number --preproc_with_compile --preproc_dependency="src/main.d" --obj_directory="src"  "../src/main.c"
'Finished building: ../src/main.c'
' '
'Building file: ../contrib/modbus/plataform/DSP2833x/Serial.c'
'Invoking: C2000 Compiler'
"C:/ti/ccsv7/tools/compiler/ti-cgt-c2000_16.12.0.STS/bin/cl2000" -v28 -ml -mt --float_support=fpu32 --include_path="C:/Users/ragashe/workspace_v7/Modbus_Slave/contrib/DSP2833x/DSP2833x_common/include" --include_path="C:/Users/ragashe/workspace_v7/Modbus_Slave/contrib/DSP2833x/DSP2833x_headers/include" --include_path="C:/Users/ragashe/workspace_v7/Modbus_Slave/contrib/modbus/plataform/DSP2833x/include" --include_path="C:/Users/ragashe/workspace_v7/Modbus_Slave/contrib/modbus/include" --include_path="C:/ti/ccsv7/tools/compiler/ti-cgt-c2000_16.12.0.STS/include" --include_path="C:/Users/ragashe/workspace_v7/Modbus_Slave" --include_path="C:/ti/ccsv7/tools/compiler/ti-cgt-c2000_16.12.0.STS/include" -g --diag_warning=225 --diag_wrap=off --display_error_number --preproc_with_compile --preproc_dependency="contrib/modbus/plataform/DSP2833x/Serial.d" --obj_directory="contrib/modbus/plataform/DSP2833x"  "../contrib/modbus/plataform/DSP2833x/Serial.c"
"../contrib/modbus/plataform/DSP2833x/Serial.c", line 8: warning #552-D: variable "destroyFifo" was set but never used
'Finished building: ../contrib/modbus/plataform/DSP2833x/Serial.c'
' '
'Building file: ../contrib/modbus/ModbusSlave.c'
'Invoking: C2000 Compiler'
"C:/ti/ccsv7/tools/compiler/ti-cgt-c2000_16.12.0.STS/bin/cl2000" -v28 -ml -mt --float_support=fpu32 --include_path="C:/Users/ragashe/workspace_v7/Modbus_Slave/contrib/DSP2833x/DSP2833x_common/include" --include_path="C:/Users/ragashe/workspace_v7/Modbus_Slave/contrib/DSP2833x/DSP2833x_headers/include" --include_path="C:/Users/ragashe/workspace_v7/Modbus_Slave/contrib/modbus/plataform/DSP2833x/include" --include_path="C:/Users/ragashe/workspace_v7/Modbus_Slave/contrib/modbus/include" --include_path="C:/ti/ccsv7/tools/compiler/ti-cgt-c2000_16.12.0.STS/include" --include_path="C:/Users/ragashe/workspace_v7/Modbus_Slave" --include_path="C:/ti/ccsv7/tools/compiler/ti-cgt-c2000_16.12.0.STS/include" -g --diag_warning=225 --diag_wrap=off --display_error_number --preproc_with_compile --preproc_dependency="contrib/modbus/ModbusSlave.d" --obj_directory="contrib/modbus"  "../contrib/modbus/ModbusSlave.c"
'Finished building: ../contrib/modbus/ModbusSlave.c'
' '
'Building file: ../contrib/modbus/ModbusDataHandler.c'
'Invoking: C2000 Compiler'
"C:/ti/ccsv7/tools/compiler/ti-cgt-c2000_16.12.0.STS/bin/cl2000" -v28 -ml -mt --float_support=fpu32 --include_path="C:/Users/ragashe/workspace_v7/Modbus_Slave/contrib/DSP2833x/DSP2833x_common/include" --include_path="C:/Users/ragashe/workspace_v7/Modbus_Slave/contrib/DSP2833x/DSP2833x_headers/include" --include_path="C:/Users/ragashe/workspace_v7/Modbus_Slave/contrib/modbus/plataform/DSP2833x/include" --include_path="C:/Users/ragashe/workspace_v7/Modbus_Slave/contrib/modbus/include" --include_path="C:/ti/ccsv7/tools/compiler/ti-cgt-c2000_16.12.0.STS/include" --include_path="C:/Users/ragashe/workspace_v7/Modbus_Slave" --include_path="C:/ti/ccsv7/tools/compiler/ti-cgt-c2000_16.12.0.STS/include" -g --diag_warning=225 --diag_wrap=off --display_error_number --preproc_with_compile --preproc_dependency="contrib/modbus/ModbusDataHandler.d" --obj_directory="contrib/modbus"  "../contrib/modbus/ModbusDataHandler.c"
'Finished building: ../contrib/modbus/ModbusDataHandler.c'
' '
'Building target: Modbus_Slave.out'
'Invoking: C2000 Linker'
"C:/ti/ccsv7/tools/compiler/ti-cgt-c2000_16.12.0.STS/bin/cl2000" -v28 -ml -mt --float_support=fpu32 -g --diag_warning=225 --diag_wrap=off --display_error_number -z -m"Modbus_Slave.map" --stack_size=0x300 --warn_sections -i"C:/ti/ccsv7/tools/compiler/ti-cgt-c2000_16.12.0.STS/lib" -i"C:/ti/ccsv7/tools/compiler/ti-cgt-c2000_16.12.0.STS/include" --reread_libs --diag_wrap=off --display_error_number --xml_link_info="Modbus_Slave_linkInfo.xml" --rom_model -o "Modbus_Slave.out" "./contrib/modbus/Crc.obj" "./contrib/modbus/ModbusData.obj" "./contrib/modbus/ModbusDataHandler.obj" "./contrib/modbus/ModbusDataMap.obj" "./contrib/modbus/ModbusSlave.obj" "./contrib/modbus/plataform/DSP2833x/Serial.obj" "./contrib/modbus/plataform/DSP2833x/Timer.obj" "./src/DSP2833x_ADC_cal.obj" "./src/DSP2833x_CodeStartBranch.obj" "./src/DSP2833x_DefaultIsr.obj" "./src/DSP2833x_GlobalVariableDefs.obj" "./src/DSP2833x_SysCtrl.obj" "./src/DSP2833x_usDelay.obj" "./src/main.obj" "../src/DSP2833x_Headers_nonBIOS.cmd" "../src/F28335.cmd"  -llibc.a 
<Linking>
'Finished building target: Modbus_Slave.out'
' '

**** Build Finished ****
